2013/05/06 07:13:09 [error] [php] YiiBase::include(PDO.php) [<a href='yiibase.include'>yiibase.include</a>]: failed to open stream: No such file or directory (C:\AppServ\www\yii\framework\YiiBase.php:421)
Stack trace:
#0 unknown(0): spl_autoload_call()
#1 C:\AppServ\www\yii\framework\db\CDbConnection.php(425): class_exists()
#2 C:\AppServ\www\yii\framework\db\CDbConnection.php(374): CDbConnection->createPdoInstance()
#3 C:\AppServ\www\yii\framework\db\CDbConnection.php(330): CDbConnection->open()
#4 C:\AppServ\www\yii\framework\db\CDbConnection.php(308): CDbConnection->setActive()
#5 C:\AppServ\www\yii\framework\base\CModule.php(387): CDbConnection->init()
#6 C:\AppServ\www\yii\framework\base\CModule.php(103): CWebApplication->getComponent()
#7 C:\AppServ\www\yii\framework\gii\generators\model\ModelCode.php(59): CWebApplication->__get()
#8 C:\AppServ\www\yii\framework\web\CFormModel.php(39): ModelCode->init()
#9 C:\AppServ\www\yii\framework\gii\CCodeGenerator.php(153): ModelCode->__construct()
#10 C:\AppServ\www\yii\framework\gii\CCodeGenerator.php(63): ModelGenerator->prepare()
#11 C:\AppServ\www\yii\framework\web\actions\CInlineAction.php(49): ModelGenerator->actionIndex()
#12 C:\AppServ\www\yii\framework\web\CController.php(308): CInlineAction->runWithParams()
#13 C:\AppServ\www\yii\framework\web\CController.php(286): ModelGenerator->runAction()
#14 C:\AppServ\www\yii\framework\web\CController.php(265): ModelGenerator->runActionWithFilters()
#15 C:\AppServ\www\yii\framework\web\CWebApplication.php(282): ModelGenerator->run()
#16 C:\AppServ\www\yii\framework\web\CWebApplication.php(141): CWebApplication->runController()
#17 C:\AppServ\www\yii\framework\base\CApplication.php(169): CWebApplication->processRequest()
#18 C:\AppServ\www\virtual-stock\index.php(13): CWebApplication->run()
REQUEST_URI=/virtual-stock/index.php?r=gii/model/index
in C:\AppServ\www\virtual-stock\index.php (13)
2013/05/06 07:18:17 [error] [php] YiiBase::include(PDO.php) [<a href='yiibase.include'>yiibase.include</a>]: failed to open stream: No such file or directory (C:\AppServ\www\yii\framework\YiiBase.php:421)
Stack trace:
#0 unknown(0): spl_autoload_call()
#1 C:\AppServ\www\yii\framework\db\CDbConnection.php(425): class_exists()
#2 C:\AppServ\www\yii\framework\db\CDbConnection.php(374): CDbConnection->createPdoInstance()
#3 C:\AppServ\www\yii\framework\db\CDbConnection.php(330): CDbConnection->open()
#4 C:\AppServ\www\yii\framework\db\CDbConnection.php(308): CDbConnection->setActive()
#5 C:\AppServ\www\yii\framework\base\CModule.php(387): CDbConnection->init()
#6 C:\AppServ\www\yii\framework\base\CModule.php(103): CWebApplication->getComponent()
#7 C:\AppServ\www\yii\framework\gii\generators\model\ModelCode.php(59): CWebApplication->__get()
#8 C:\AppServ\www\yii\framework\web\CFormModel.php(39): ModelCode->init()
#9 C:\AppServ\www\yii\framework\gii\CCodeGenerator.php(153): ModelCode->__construct()
#10 C:\AppServ\www\yii\framework\gii\CCodeGenerator.php(63): ModelGenerator->prepare()
#11 C:\AppServ\www\yii\framework\web\actions\CInlineAction.php(49): ModelGenerator->actionIndex()
#12 C:\AppServ\www\yii\framework\web\CController.php(308): CInlineAction->runWithParams()
#13 C:\AppServ\www\yii\framework\web\CController.php(286): ModelGenerator->runAction()
#14 C:\AppServ\www\yii\framework\web\CController.php(265): ModelGenerator->runActionWithFilters()
#15 C:\AppServ\www\yii\framework\web\CWebApplication.php(282): ModelGenerator->run()
#16 C:\AppServ\www\yii\framework\web\CWebApplication.php(141): CWebApplication->runController()
#17 C:\AppServ\www\yii\framework\base\CApplication.php(169): CWebApplication->processRequest()
#18 C:\AppServ\www\virtual-stock\index.php(13): CWebApplication->run()
REQUEST_URI=/virtual-stock/index.php?r=gii/model/index
in C:\AppServ\www\virtual-stock\index.php (13)
2013/05/06 07:18:19 [error] [php] YiiBase::include(PDO.php) [<a href='yiibase.include'>yiibase.include</a>]: failed to open stream: No such file or directory (C:\AppServ\www\yii\framework\YiiBase.php:421)
Stack trace:
#0 unknown(0): spl_autoload_call()
#1 C:\AppServ\www\yii\framework\db\CDbConnection.php(425): class_exists()
#2 C:\AppServ\www\yii\framework\db\CDbConnection.php(374): CDbConnection->createPdoInstance()
#3 C:\AppServ\www\yii\framework\db\CDbConnection.php(330): CDbConnection->open()
#4 C:\AppServ\www\yii\framework\db\CDbConnection.php(308): CDbConnection->setActive()
#5 C:\AppServ\www\yii\framework\base\CModule.php(387): CDbConnection->init()
#6 C:\AppServ\www\yii\framework\base\CModule.php(103): CWebApplication->getComponent()
#7 C:\AppServ\www\yii\framework\gii\generators\model\ModelCode.php(59): CWebApplication->__get()
#8 C:\AppServ\www\yii\framework\web\CFormModel.php(39): ModelCode->init()
#9 C:\AppServ\www\yii\framework\gii\CCodeGenerator.php(153): ModelCode->__construct()
#10 C:\AppServ\www\yii\framework\gii\CCodeGenerator.php(63): ModelGenerator->prepare()
#11 C:\AppServ\www\yii\framework\web\actions\CInlineAction.php(49): ModelGenerator->actionIndex()
#12 C:\AppServ\www\yii\framework\web\CController.php(308): CInlineAction->runWithParams()
#13 C:\AppServ\www\yii\framework\web\CController.php(286): ModelGenerator->runAction()
#14 C:\AppServ\www\yii\framework\web\CController.php(265): ModelGenerator->runActionWithFilters()
#15 C:\AppServ\www\yii\framework\web\CWebApplication.php(282): ModelGenerator->run()
#16 C:\AppServ\www\yii\framework\web\CWebApplication.php(141): CWebApplication->runController()
#17 C:\AppServ\www\yii\framework\base\CApplication.php(169): CWebApplication->processRequest()
#18 C:\AppServ\www\virtual-stock\index.php(13): CWebApplication->run()
REQUEST_URI=/virtual-stock/index.php?r=gii/model/index
in C:\AppServ\www\virtual-stock\index.php (13)
2013/05/06 07:21:25 [error] [exception.CDbException] exception 'CDbException' with message 'CDbConnection failed to open the DB connection: could not find driver' in C:\AppServ\www\yii\framework\db\CDbConnection.php:382
Stack trace:
#0 C:\AppServ\www\yii\framework\db\CDbConnection.php(330): CDbConnection->open()
#1 C:\AppServ\www\yii\framework\db\CDbConnection.php(308): CDbConnection->setActive(true)
#2 C:\AppServ\www\yii\framework\base\CModule.php(387): CDbConnection->init()
#3 C:\AppServ\www\yii\framework\base\CModule.php(103): CModule->getComponent('db')
#4 C:\AppServ\www\yii\framework\gii\generators\model\ModelCode.php(59): CModule->__get('db')
#5 C:\AppServ\www\yii\framework\web\CFormModel.php(39): ModelCode->init()
#6 C:\AppServ\www\yii\framework\gii\CCodeGenerator.php(153): CFormModel->__construct()
#7 C:\AppServ\www\yii\framework\gii\CCodeGenerator.php(63): CCodeGenerator->prepare()
#8 C:\AppServ\www\yii\framework\web\actions\CInlineAction.php(49): CCodeGenerator->actionIndex()
#9 C:\AppServ\www\yii\framework\web\CController.php(308): CInlineAction->runWithParams(Array)
#10 C:\AppServ\www\yii\framework\web\CController.php(286): CController->runAction(Object(CInlineAction))
#11 C:\AppServ\www\yii\framework\web\CController.php(265): CController->runActionWithFilters(Object(CInlineAction), Array)
#12 C:\AppServ\www\yii\framework\web\CWebApplication.php(282): CController->run('index')
#13 C:\AppServ\www\yii\framework\web\CWebApplication.php(141): CWebApplication->runController('gii/model/index')
#14 C:\AppServ\www\yii\framework\base\CApplication.php(169): CWebApplication->processRequest()
#15 C:\AppServ\www\virtual-stock\index.php(13): CApplication->run()
#16 {main}
REQUEST_URI=/virtual-stock/index.php?r=gii/model/index
HTTP_REFERER=http://localhost/virtual-stock/index.php?r=gii/default/index
---
2013/05/06 10:16:49 [error] [php] date() [<a href='function.date'>function.date</a>]: It is not safe to rely on the system's timezone settings. Please use the date.timezone setting, the TZ environment variable or the date_default_timezone_set() function. In case you used any of those methods and you are still getting this warning, you most likely misspelled the timezone identifier. We selected 'UTC' for '8.0/no DST' instead (C:\AppServ\www\virtual-stock\protected\views\layouts\main.php:51)
Stack trace:
#0 C:\AppServ\www\yii\framework\web\CBaseController.php(95): TestController->renderInternal()
#1 C:\AppServ\www\yii\framework\web\widgets\CContentDecorator.php(76): TestController->renderFile()
#2 C:\AppServ\www\yii\framework\web\widgets\CContentDecorator.php(54): CContentDecorator->decorate()
#3 C:\AppServ\www\yii\framework\web\widgets\COutputProcessor.php(44): CContentDecorator->processOutput()
#4 C:\AppServ\www\yii\framework\web\CBaseController.php(206): CContentDecorator->run()
#5 C:\AppServ\www\yii\framework\web\CBaseController.php(300): TestController->endWidget()
#6 C:\AppServ\www\virtual-stock\protected\views\layouts\column2.php(22): TestController->endContent()
#7 C:\AppServ\www\yii\framework\web\CBaseController.php(126): require()
#8 C:\AppServ\www\yii\framework\web\CBaseController.php(95): TestController->renderInternal()
#9 C:\AppServ\www\yii\framework\web\CController.php(784): TestController->renderFile()
#10 C:\AppServ\www\virtual-stock\protected\controllers\TestController.php(128): TestController->render()
#11 C:\AppServ\www\yii\framework\web\actions\CInlineAction.php(49): TestController->actionIndex()
#12 C:\AppServ\www\yii\framework\web\CController.php(308): CInlineAction->runWithParams()
#13 C:\AppServ\www\yii\framework\web\filters\CFilterChain.php(133): TestController->runAction()
#14 C:\AppServ\www\yii\framework\web\filters\CFilter.php(40): CFilterChain->run()
#15 C:\AppServ\www\yii\framework\web\CController.php(1145): CAccessControlFilter->filter()
#16 C:\AppServ\www\yii\framework\web\filters\CInlineFilter.php(58): TestController->filterAccessControl()
#17 C:\AppServ\www\yii\framework\web\filters\CFilterChain.php(130): CInlineFilter->filter()
#18 C:\AppServ\www\yii\framework\web\CController.php(291): CFilterChain->run()
#19 C:\AppServ\www\yii\framework\web\CController.php(265): TestController->runActionWithFilters()
#20 C:\AppServ\www\yii\framework\web\CWebApplication.php(282): TestController->run()
#21 C:\AppServ\www\yii\framework\web\CWebApplication.php(141): CWebApplication->runController()
#22 C:\AppServ\www\yii\framework\base\CApplication.php(169): CWebApplication->processRequest()
#23 C:\AppServ\www\virtual-stock\index.php(13): CWebApplication->run()
REQUEST_URI=/virtual-stock/index.php?r=test
in C:\AppServ\www\virtual-stock\protected\views\layouts\main.php (51)
in C:\AppServ\www\virtual-stock\protected\views\layouts\column2.php (22)
in C:\AppServ\www\virtual-stock\protected\controllers\TestController.php (128)
